<?xml version="1.0" encoding="UTF-8"?>
<!-- Generated by org.testng.reporters.JUnitReportReporter -->
<testsuite hostname="DESKTOP-KK8HKFD" failures="0" tests="23" name="StringTest" time="0.055" errors="0" timestamp="2023-01-26T14:54:24 EET" skipped="0">
  <testcase classname="StringTest" name="charArrayTest" time="0.001"/>
  <system-out/>
  <testcase classname="StringTest" name="splitTwoTest" time="0.001"/>
  <system-out/>
  <testcase classname="StringTest" name="substringTest" time="0.001"/>
  <system-out/>
  <testcase classname="StringTest" name="replaceStringBufferTest" time="0.002"/>
  <system-out/>
  <testcase classname="StringTest" name="setLengthStringBuilderTest" time="0.003"/>
  <system-out/>
  <testcase classname="StringTest" name="toStringStringBufferTest" time="0.000"/>
  <system-out/>
  <testcase classname="StringTest" name="capacityAndEnsureCapacityStringBufferTest" time="0.002"/>
  <system-out/>
  <testcase classname="StringTest" name="charAtAndSetCharAtStringBufferTest" time="0.002"/>
  <system-out/>
  <testcase classname="StringTest" name="deleteAndDeleteCharAtStringBufferTest" time="0.001"/>
  <system-out/>
  <testcase classname="StringTest" name="insertBufferTest" time="0.001"/>
  <system-out/>
  <testcase classname="StringTest" name="reverseStringBufferTest" time="0.001"/>
  <system-out/>
  <testcase classname="StringTest" name="reverseTest" time="0.001"/>
  <system-out/>
  <testcase classname="StringTest" name="getCharsStringBufferTest" time="0.002"/>
  <system-out/>
  <testcase classname="StringTest" name="setLengthStringBufferTest" time="0.006"/>
  <system-out/>
  <testcase classname="StringTest" name="appendBufferTest" time="0.014"/>
  <system-out/>
  <testcase classname="StringTest" name="splitTest" time="0.001"/>
  <system-out/>
  <testcase classname="StringTest" name="endsWithTest" time="0.006"/>
  <system-out/>
  <testcase classname="StringTest" name="joinTest" time="0.001"/>
  <system-out/>
  <testcase classname="StringTest" name="startsWithTest" time="0.006"/>
  <system-out/>
  <testcase classname="StringTest" name="equalsIgnoreCaseTest" time="0.001"/>
  <system-out/>
  <testcase classname="StringTest" name="substringBufferTest" time="0.000"/>
  <system-out/>
  <testcase classname="StringTest" name="concatTest" time="0.001"/>
  <system-out/>
  <testcase classname="StringTest" name="replaceTest" time="0.001"/>
  <system-out/>
</testsuite> <!-- StringTest -->
